<?xml version="1.0" encoding="UTF-8"?>
<testsuite name="com.encorekit.kmp.ModelsTest" tests="11" skipped="0" failures="0" errors="0" timestamp="2026-03-14T00:12:31" hostname="Ryans-MacBook-Pro-3.local" time="0.133">
  <properties/>
  <testcase name="purchaseRequestOptionalFieldsDefaultToNull" classname="com.encorekit.kmp.ModelsTest" time="0.006"/>
  <testcase name="userAttributesAllFieldsPopulated" classname="com.encorekit.kmp.ModelsTest" time="0.002"/>
  <testcase name="billingPurchaseResultOptionalFieldsDefaultToNull" classname="com.encorekit.kmp.ModelsTest" time="0.0"/>
  <testcase name="purchaseRequestFieldsPopulated" classname="com.encorekit.kmp.ModelsTest" time="0.0"/>
  <testcase name="logLevelHasCorrectValues" classname="com.encorekit.kmp.ModelsTest" time="0.0"/>
  <testcase name="grantedFieldsDefaultToNull" classname="com.encorekit.kmp.ModelsTest" time="0.001"/>
  <testcase name="userAttributesDefaultsEmpty" classname="com.encorekit.kmp.ModelsTest" time="0.0"/>
  <testcase name="notGrantedHoldsReason" classname="com.encorekit.kmp.ModelsTest" time="0.124"/>
  <testcase name="grantedHoldsOfferAndCampaign" classname="com.encorekit.kmp.ModelsTest" time="0.0"/>
  <testcase name="billingPurchaseResultAllFields" classname="com.encorekit.kmp.ModelsTest" time="0.0"/>
  <testcase name="notGrantedReasonEnumHasCorrectValues" classname="com.encorekit.kmp.ModelsTest" time="0.0"/>
  <system-out><![CDATA[]]></system-out>
  <system-err><![CDATA[]]></system-err>
</testsuite>
